app/build/intermediates/manifest_merge_blame_file/debug/manifest-merger-blame-debug-report.txt
1<?xml version="1.0" encoding="utf-8"?>
2<manifest xmlns:android="http://schemas.android.com/apk/res/android"
3    package="com.learnabc.belajarabcindonesia"
4    android:versionCode="1"
5    android:versionName="1.2" >
6
7    <uses-sdk
8        android:minSdkVersion="21"
8-->src/main/AndroidManifest.xml
9        android:targetSdkVersion="33" />
9-->src/main/AndroidManifest.xml
10
11    <uses-permission android:name="android.permission.ACCESS_NETWORK_STATE" />
11-->src/main/AndroidManifest.xml:6:5-79
11-->src/main/AndroidManifest.xml:6:22-76
12    <uses-permission android:name="android.permission.INTERNET" />
12-->src/main/AndroidManifest.xml:7:5-67
12-->src/main/AndroidManifest.xml:7:22-64
13    <uses-permission android:name="com.google.android.gms.permission.AD_ID" />
13-->src/main/AndroidManifest.xml:8:5-79
13-->src/main/AndroidManifest.xml:8:22-76
14    <uses-permission android:name="android.permission.SYSTEM_ALERT_WINDOW" />
14-->[:AlienAdsV2] AndroidManifest.xml:12:5-78
14-->[:AlienAdsV2] AndroidManifest.xml:12:22-75
15    <uses-permission android:name="android.permission.ACCESS_ADSERVICES_AD_ID" />
15-->[com.google.android.gms:play-services-ads-lite:22.6.0] AndroidManifest.xml:27:5-82
15-->[com.google.android.gms:play-services-ads-lite:22.6.0] AndroidManifest.xml:27:22-79
16    <uses-permission android:name="android.permission.ACCESS_ADSERVICES_ATTRIBUTION" />
16-->[com.google.android.gms:play-services-ads-lite:22.6.0] AndroidManifest.xml:28:5-88
16-->[com.google.android.gms:play-services-ads-lite:22.6.0] AndroidManifest.xml:28:22-85
17    <uses-permission android:name="android.permission.ACCESS_ADSERVICES_TOPICS" /> <!-- Android package visibility setting -->
17-->[com.google.android.gms:play-services-ads-lite:22.6.0] AndroidManifest.xml:29:5-83
17-->[com.google.android.gms:play-services-ads-lite:22.6.0] AndroidManifest.xml:29:22-80
18    <queries>
18-->[com.google.android.gms:play-services-ads-lite:22.6.0] AndroidManifest.xml:35:5-51:15
19
20        <!-- For browser content -->
21        <intent>
21-->[com.google.android.gms:play-services-ads-lite:22.6.0] AndroidManifest.xml:38:9-44:18
22            <action android:name="android.intent.action.VIEW" />
22-->[com.google.android.gms:play-services-ads-lite:22.6.0] AndroidManifest.xml:39:13-65
22-->[com.google.android.gms:play-services-ads-lite:22.6.0] AndroidManifest.xml:39:21-62
23
24            <category android:name="android.intent.category.BROWSABLE" />
24-->[com.google.android.gms:play-services-ads-lite:22.6.0] AndroidManifest.xml:41:13-74
24-->[com.google.android.gms:play-services-ads-lite:22.6.0] AndroidManifest.xml:41:23-71
25
26            <data android:scheme="https" />
26-->[com.google.android.gms:play-services-ads-lite:22.6.0] AndroidManifest.xml:43:13-44
26-->[com.google.android.gms:play-services-ads-lite:22.6.0] AndroidManifest.xml:43:19-41
27        </intent>
28        <!-- End of browser content -->
29        <!-- For CustomTabsService -->
30        <intent>
30-->[com.google.android.gms:play-services-ads-lite:22.6.0] AndroidManifest.xml:47:9-49:18
31            <action android:name="android.support.customtabs.action.CustomTabsService" />
31-->[com.google.android.gms:play-services-ads-lite:22.6.0] AndroidManifest.xml:48:13-90
31-->[com.google.android.gms:play-services-ads-lite:22.6.0] AndroidManifest.xml:48:21-87
32        </intent>
33        <!-- End of CustomTabsService -->
34    </queries>
35
36    <uses-permission android:name="android.permission.WAKE_LOCK" />
36-->[androidx.work:work-runtime:2.7.1] AndroidManifest.xml:25:5-68
36-->[androidx.work:work-runtime:2.7.1] AndroidManifest.xml:25:22-65
37    <uses-permission android:name="android.permission.FOREGROUND_SERVICE" />
37-->[androidx.work:work-runtime:2.7.1] AndroidManifest.xml:28:5-77
37-->[androidx.work:work-runtime:2.7.1] AndroidManifest.xml:28:22-74
38
39    <application
39-->src/main/AndroidManifest.xml:10:5-57:19
40        android:name="com.aliendroid.alienads.MyApplication"
40-->[:AlienAdsV2] AndroidManifest.xml:14:18-70
41        android:allowBackup="true"
41-->src/main/AndroidManifest.xml:11:9-35
42        android:appComponentFactory="androidx.core.app.CoreComponentFactory"
42-->[androidx.core:core:1.8.0] AndroidManifest.xml:24:18-86
43        android:debuggable="true"
44        android:icon="@mipmap/ic_launcher"
44-->src/main/AndroidManifest.xml:12:9-43
45        android:label="@string/app_name"
45-->src/main/AndroidManifest.xml:13:9-41
46        android:networkSecurityConfig="@xml/network_config"
46-->src/main/AndroidManifest.xml:14:9-60
47        android:roundIcon="@mipmap/ic_launcher_round"
47-->src/main/AndroidManifest.xml:15:9-54
48        android:supportsRtl="true"
48-->src/main/AndroidManifest.xml:16:9-35
49        android:theme="@style/Theme.MyApplication"
49-->src/main/AndroidManifest.xml:17:9-51
50        android:usesCleartextTraffic="true" >
50-->src/main/AndroidManifest.xml:18:9-44
51        <activity
51-->src/main/AndroidManifest.xml:20:9-23:40
52            android:name="com.kimganteng.myapplication.MediationAdsActivity"
52-->src/main/AndroidManifest.xml:21:13-49
53            android:exported="false"
53-->src/main/AndroidManifest.xml:23:13-37
54            android:screenOrientation="portrait" />
54-->src/main/AndroidManifest.xml:22:13-49
55        <activity
55-->src/main/AndroidManifest.xml:24:9-27:40
56            android:name="com.kimganteng.myapplication.ViewAdsActivity"
56-->src/main/AndroidManifest.xml:25:13-44
57            android:exported="false"
57-->src/main/AndroidManifest.xml:27:13-37
58            android:screenOrientation="portrait" />
58-->src/main/AndroidManifest.xml:26:13-49
59        <activity
59-->src/main/AndroidManifest.xml:28:9-31:40
60            android:name="com.kimganteng.myapplication.NativeActivity"
60-->src/main/AndroidManifest.xml:29:13-43
61            android:exported="false"
61-->src/main/AndroidManifest.xml:31:13-37
62            android:screenOrientation="portrait" />
62-->src/main/AndroidManifest.xml:30:13-49
63        <activity
63-->src/main/AndroidManifest.xml:32:9-35:40
64            android:name="com.kimganteng.myapplication.BannerActivity"
64-->src/main/AndroidManifest.xml:33:13-43
65            android:exported="false"
65-->src/main/AndroidManifest.xml:35:13-37
66            android:screenOrientation="portrait" />
66-->src/main/AndroidManifest.xml:34:13-49
67        <activity
67-->src/main/AndroidManifest.xml:36:9-39:40
68            android:name="com.kimganteng.myapplication.MainActivity"
68-->src/main/AndroidManifest.xml:37:13-41
69            android:exported="false"
69-->src/main/AndroidManifest.xml:39:13-37
70            android:screenOrientation="portrait" />
70-->src/main/AndroidManifest.xml:38:13-49
71        <activity
71-->src/main/AndroidManifest.xml:40:9-49:20
72            android:name="com.kimganteng.myapplication.SplashActivity"
72-->src/main/AndroidManifest.xml:41:13-43
73            android:exported="true"
73-->src/main/AndroidManifest.xml:43:13-36
74            android:screenOrientation="portrait" >
74-->src/main/AndroidManifest.xml:42:13-49
75            <intent-filter>
75-->src/main/AndroidManifest.xml:44:13-48:29
76                <action android:name="android.intent.action.MAIN" />
76-->src/main/AndroidManifest.xml:45:17-69
76-->src/main/AndroidManifest.xml:45:25-66
77
78                <category android:name="android.intent.category.LAUNCHER" />
78-->src/main/AndroidManifest.xml:47:17-77
78-->src/main/AndroidManifest.xml:47:27-74
79            </intent-filter>
80        </activity>
81
82        <meta-data
82-->src/main/AndroidManifest.xml:51:9-53:56
83            android:name="applovin.sdk.key"
83-->src/main/AndroidManifest.xml:52:13-44
84            android:value="@string/sdk_key_applovin" />
84-->src/main/AndroidManifest.xml:53:13-53
85        <meta-data
85-->src/main/AndroidManifest.xml:54:9-56:50
86            android:name="com.google.android.gms.ads.APPLICATION_ID"
86-->src/main/AndroidManifest.xml:55:13-69
87            android:value="@string/admobappid" />
87-->src/main/AndroidManifest.xml:56:13-47
88        <meta-data
88-->[:AlienAdsV2] AndroidManifest.xml:15:9-17:69
89            android:name="com.google.android.gms.version"
89-->[:AlienAdsV2] AndroidManifest.xml:16:13-58
90            android:value="@integer/google_play_services_version" />
90-->[:AlienAdsV2] AndroidManifest.xml:17:13-66
91
92        <activity
92-->[:AlienAdsV2] AndroidManifest.xml:19:9-21:125
93            android:name="com.google.android.gms.ads.AdActivity"
93-->[:AlienAdsV2] AndroidManifest.xml:20:13-65
94            android:configChanges="keyboard|keyboardHidden|orientation|screenLayout|uiMode|screenSize|smallestScreenSize"
94-->[:AlienAdsV2] AndroidManifest.xml:21:13-122
95            android:exported="false"
95-->[com.google.android.gms:play-services-ads-lite:22.6.0] AndroidManifest.xml:59:13-37
96            android:theme="@android:style/Theme.Translucent" />
96-->[com.google.android.gms:play-services-ads-lite:22.6.0] AndroidManifest.xml:60:13-61
97
98        <provider
98-->[com.google.android.gms:play-services-ads-lite:22.6.0] AndroidManifest.xml:63:9-68:43
99            android:name="com.google.android.gms.ads.MobileAdsInitProvider"
99-->[com.google.android.gms:play-services-ads-lite:22.6.0] AndroidManifest.xml:64:13-76
100            android:authorities="com.learnabc.belajarabcindonesia.mobileadsinitprovider"
100-->[com.google.android.gms:play-services-ads-lite:22.6.0] AndroidManifest.xml:65:13-73
101            android:exported="false"
101-->[com.google.android.gms:play-services-ads-lite:22.6.0] AndroidManifest.xml:66:13-37
102            android:initOrder="100" />
102-->[com.google.android.gms:play-services-ads-lite:22.6.0] AndroidManifest.xml:67:13-36
103
104        <service
104-->[com.google.android.gms:play-services-ads-lite:22.6.0] AndroidManifest.xml:70:9-74:43
105            android:name="com.google.android.gms.ads.AdService"
105-->[com.google.android.gms:play-services-ads-lite:22.6.0] AndroidManifest.xml:71:13-64
106            android:enabled="true"
106-->[com.google.android.gms:play-services-ads-lite:22.6.0] AndroidManifest.xml:72:13-35
107            android:exported="false" />
107-->[com.google.android.gms:play-services-ads-lite:22.6.0] AndroidManifest.xml:73:13-37
108
109        <activity
109-->[com.google.android.gms:play-services-ads-lite:22.6.0] AndroidManifest.xml:76:9-80:43
110            android:name="com.google.android.gms.ads.OutOfContextTestingActivity"
110-->[com.google.android.gms:play-services-ads-lite:22.6.0] AndroidManifest.xml:77:13-82
111            android:configChanges="keyboard|keyboardHidden|orientation|screenLayout|uiMode|screenSize|smallestScreenSize"
111-->[com.google.android.gms:play-services-ads-lite:22.6.0] AndroidManifest.xml:78:13-122
112            android:exported="false" />
112-->[com.google.android.gms:play-services-ads-lite:22.6.0] AndroidManifest.xml:79:13-37
113        <activity
113-->[com.google.android.gms:play-services-ads-lite:22.6.0] AndroidManifest.xml:81:9-88:43
114            android:name="com.google.android.gms.ads.NotificationHandlerActivity"
114-->[com.google.android.gms:play-services-ads-lite:22.6.0] AndroidManifest.xml:82:13-82
115            android:excludeFromRecents="true"
115-->[com.google.android.gms:play-services-ads-lite:22.6.0] AndroidManifest.xml:83:13-46
116            android:exported="false"
116-->[com.google.android.gms:play-services-ads-lite:22.6.0] AndroidManifest.xml:84:13-37
117            android:launchMode="singleTask"
117-->[com.google.android.gms:play-services-ads-lite:22.6.0] AndroidManifest.xml:85:13-44
118            android:taskAffinity=""
118-->[com.google.android.gms:play-services-ads-lite:22.6.0] AndroidManifest.xml:86:13-36
119            android:theme="@android:style/Theme.Translucent.NoTitleBar" />
119-->[com.google.android.gms:play-services-ads-lite:22.6.0] AndroidManifest.xml:87:13-72
120
121        <property
121-->[com.google.android.gms:play-services-ads-lite:22.6.0] AndroidManifest.xml:90:9-92:62
122            android:name="android.adservices.AD_SERVICES_CONFIG"
122-->[com.google.android.gms:play-services-ads-lite:22.6.0] AndroidManifest.xml:91:13-65
123            android:resource="@xml/gma_ad_services_config" />
123-->[com.google.android.gms:play-services-ads-lite:22.6.0] AndroidManifest.xml:92:13-59
124
125        <provider
125-->[androidx.work:work-runtime:2.7.1] AndroidManifest.xml:31:9-39:20
126            android:name="androidx.startup.InitializationProvider"
126-->[androidx.work:work-runtime:2.7.1] AndroidManifest.xml:32:13-67
127            android:authorities="com.learnabc.belajarabcindonesia.androidx-startup"
127-->[androidx.work:work-runtime:2.7.1] AndroidManifest.xml:33:13-68
128            android:exported="false" >
128-->[androidx.work:work-runtime:2.7.1] AndroidManifest.xml:34:13-37
129            <meta-data
129-->[androidx.work:work-runtime:2.7.1] AndroidManifest.xml:36:13-38:52
130                android:name="androidx.work.WorkManagerInitializer"
130-->[androidx.work:work-runtime:2.7.1] AndroidManifest.xml:37:17-68
131                android:value="androidx.startup" />
131-->[androidx.work:work-runtime:2.7.1] AndroidManifest.xml:38:17-49
132            <meta-data
132-->[androidx.emoji2:emoji2:1.0.0] AndroidManifest.xml:31:13-33:52
133                android:name="androidx.emoji2.text.EmojiCompatInitializer"
133-->[androidx.emoji2:emoji2:1.0.0] AndroidManifest.xml:32:17-75
134                android:value="androidx.startup" />
134-->[androidx.emoji2:emoji2:1.0.0] AndroidManifest.xml:33:17-49
135            <meta-data
135-->[androidx.lifecycle:lifecycle-process:2.5.1] AndroidManifest.xml:31:13-33:52
136                android:name="androidx.lifecycle.ProcessLifecycleInitializer"
136-->[androidx.lifecycle:lifecycle-process:2.5.1] AndroidManifest.xml:32:17-78
137                android:value="androidx.startup" />
137-->[androidx.lifecycle:lifecycle-process:2.5.1] AndroidManifest.xml:33:17-49
138        </provider>
139
140        <service
140-->[androidx.work:work-runtime:2.7.1] AndroidManifest.xml:41:9-46:35
141            android:name="androidx.work.impl.background.systemalarm.SystemAlarmService"
141-->[androidx.work:work-runtime:2.7.1] AndroidManifest.xml:42:13-88
142            android:directBootAware="false"
142-->[androidx.work:work-runtime:2.7.1] AndroidManifest.xml:43:13-44
143            android:enabled="@bool/enable_system_alarm_service_default"
143-->[androidx.work:work-runtime:2.7.1] AndroidManifest.xml:44:13-72
144            android:exported="false" />
144-->[androidx.work:work-runtime:2.7.1] AndroidManifest.xml:45:13-37
145        <service
145-->[androidx.work:work-runtime:2.7.1] AndroidManifest.xml:47:9-53:35
146            android:name="androidx.work.impl.background.systemjob.SystemJobService"
146-->[androidx.work:work-runtime:2.7.1] AndroidManifest.xml:48:13-84
147            android:directBootAware="false"
147-->[androidx.work:work-runtime:2.7.1] AndroidManifest.xml:49:13-44
148            android:enabled="@bool/enable_system_job_service_default"
148-->[androidx.work:work-runtime:2.7.1] AndroidManifest.xml:50:13-70
149            android:exported="true"
149-->[androidx.work:work-runtime:2.7.1] AndroidManifest.xml:51:13-36
150            android:permission="android.permission.BIND_JOB_SERVICE" />
150-->[androidx.work:work-runtime:2.7.1] AndroidManifest.xml:52:13-69
151        <service
151-->[androidx.work:work-runtime:2.7.1] AndroidManifest.xml:54:9-59:35
152            android:name="androidx.work.impl.foreground.SystemForegroundService"
152-->[androidx.work:work-runtime:2.7.1] AndroidManifest.xml:55:13-81
153            android:directBootAware="false"
153-->[androidx.work:work-runtime:2.7.1] AndroidManifest.xml:56:13-44
154            android:enabled="@bool/enable_system_foreground_service_default"
154-->[androidx.work:work-runtime:2.7.1] AndroidManifest.xml:57:13-77
155            android:exported="false" />
155-->[androidx.work:work-runtime:2.7.1] AndroidManifest.xml:58:13-37
156
157        <receiver
157-->[androidx.work:work-runtime:2.7.1] AndroidManifest.xml:61:9-66:35
158            android:name="androidx.work.impl.utils.ForceStopRunnable$BroadcastReceiver"
158-->[androidx.work:work-runtime:2.7.1] AndroidManifest.xml:62:13-88
159            android:directBootAware="false"
159-->[androidx.work:work-runtime:2.7.1] AndroidManifest.xml:63:13-44
160            android:enabled="true"
160-->[androidx.work:work-runtime:2.7.1] AndroidManifest.xml:64:13-35
161            android:exported="false" />
161-->[androidx.work:work-runtime:2.7.1] AndroidManifest.xml:65:13-37
162        <receiver
162-->[androidx.work:work-runtime:2.7.1] AndroidManifest.xml:67:9-77:20
163            android:name="androidx.work.impl.background.systemalarm.ConstraintProxy$BatteryChargingProxy"
163-->[androidx.work:work-runtime:2.7.1] AndroidManifest.xml:68:13-106
164            android:directBootAware="false"
164-->[androidx.work:work-runtime:2.7.1] AndroidManifest.xml:69:13-44
165            android:enabled="false"
165-->[androidx.work:work-runtime:2.7.1] AndroidManifest.xml:70:13-36
166            android:exported="false" >
166-->[androidx.work:work-runtime:2.7.1] AndroidManifest.xml:71:13-37
167            <intent-filter>
167-->[androidx.work:work-runtime:2.7.1] AndroidManifest.xml:73:13-76:29
168                <action android:name="android.intent.action.ACTION_POWER_CONNECTED" />
168-->[androidx.work:work-runtime:2.7.1] AndroidManifest.xml:74:17-87
168-->[androidx.work:work-runtime:2.7.1] AndroidManifest.xml:74:25-84
169                <action android:name="android.intent.action.ACTION_POWER_DISCONNECTED" />
169-->[androidx.work:work-runtime:2.7.1] AndroidManifest.xml:75:17-90
169-->[androidx.work:work-runtime:2.7.1] AndroidManifest.xml:75:25-87
170            </intent-filter>
171        </receiver>
172        <receiver
172-->[androidx.work:work-runtime:2.7.1] AndroidManifest.xml:78:9-88:20
173            android:name="androidx.work.impl.background.systemalarm.ConstraintProxy$BatteryNotLowProxy"
173-->[androidx.work:work-runtime:2.7.1] AndroidManifest.xml:79:13-104
174            android:directBootAware="false"
174-->[androidx.work:work-runtime:2.7.1] AndroidManifest.xml:80:13-44
175            android:enabled="false"
175-->[androidx.work:work-runtime:2.7.1] AndroidManifest.xml:81:13-36
176            android:exported="false" >
176-->[androidx.work:work-runtime:2.7.1] AndroidManifest.xml:82:13-37
177            <intent-filter>
177-->[androidx.work:work-runtime:2.7.1] AndroidManifest.xml:84:13-87:29
178                <action android:name="android.intent.action.BATTERY_OKAY" />
178-->[androidx.work:work-runtime:2.7.1] AndroidManifest.xml:85:17-77
178-->[androidx.work:work-runtime:2.7.1] AndroidManifest.xml:85:25-74
179                <action android:name="android.intent.action.BATTERY_LOW" />
179-->[androidx.work:work-runtime:2.7.1] AndroidManifest.xml:86:17-76
179-->[androidx.work:work-runtime:2.7.1] AndroidManifest.xml:86:25-73
180            </intent-filter>
181        </receiver>
182        <receiver
182-->[androidx.work:work-runtime:2.7.1] AndroidManifest.xml:89:9-99:20
183            android:name="androidx.work.impl.background.systemalarm.ConstraintProxy$StorageNotLowProxy"
183-->[androidx.work:work-runtime:2.7.1] AndroidManifest.xml:90:13-104
184            android:directBootAware="false"
184-->[androidx.work:work-runtime:2.7.1] AndroidManifest.xml:91:13-44
185            android:enabled="false"
185-->[androidx.work:work-runtime:2.7.1] AndroidManifest.xml:92:13-36
186            android:exported="false" >
186-->[androidx.work:work-runtime:2.7.1] AndroidManifest.xml:93:13-37
187            <intent-filter>
187-->[androidx.work:work-runtime:2.7.1] AndroidManifest.xml:95:13-98:29
188                <action android:name="android.intent.action.DEVICE_STORAGE_LOW" />
188-->[androidx.work:work-runtime:2.7.1] AndroidManifest.xml:96:17-83
188-->[androidx.work:work-runtime:2.7.1] AndroidManifest.xml:96:25-80
189                <action android:name="android.intent.action.DEVICE_STORAGE_OK" />
189-->[androidx.work:work-runtime:2.7.1] AndroidManifest.xml:97:17-82
189-->[androidx.work:work-runtime:2.7.1] AndroidManifest.xml:97:25-79
190            </intent-filter>
191        </receiver>
192        <receiver
192-->[androidx.work:work-runtime:2.7.1] AndroidManifest.xml:100:9-109:20
193            android:name="androidx.work.impl.background.systemalarm.ConstraintProxy$NetworkStateProxy"
193-->[androidx.work:work-runtime:2.7.1] AndroidManifest.xml:101:13-103
194            android:directBootAware="false"
194-->[androidx.work:work-runtime:2.7.1] AndroidManifest.xml:102:13-44
195            android:enabled="false"
195-->[androidx.work:work-runtime:2.7.1] AndroidManifest.xml:103:13-36
196            android:exported="false" >
196-->[androidx.work:work-runtime:2.7.1] AndroidManifest.xml:104:13-37
197            <intent-filter>
197-->[androidx.work:work-runtime:2.7.1] AndroidManifest.xml:106:13-108:29
198                <action android:name="android.net.conn.CONNECTIVITY_CHANGE" />
198-->[androidx.work:work-runtime:2.7.1] AndroidManifest.xml:107:17-79
198-->[androidx.work:work-runtime:2.7.1] AndroidManifest.xml:107:25-76
199            </intent-filter>
200        </receiver>
201        <receiver
201-->[androidx.work:work-runtime:2.7.1] AndroidManifest.xml:110:9-121:20
202            android:name="androidx.work.impl.background.systemalarm.RescheduleReceiver"
202-->[androidx.work:work-runtime:2.7.1] AndroidManifest.xml:111:13-88
203            android:directBootAware="false"
203-->[androidx.work:work-runtime:2.7.1] AndroidManifest.xml:112:13-44
204            android:enabled="false"
204-->[androidx.work:work-runtime:2.7.1] AndroidManifest.xml:113:13-36
205            android:exported="false" >
205-->[androidx.work:work-runtime:2.7.1] AndroidManifest.xml:114:13-37
206            <intent-filter>
206-->[androidx.work:work-runtime:2.7.1] AndroidManifest.xml:116:13-120:29
207                <action android:name="android.intent.action.BOOT_COMPLETED" />
207-->[androidx.work:work-runtime:2.7.1] AndroidManifest.xml:117:17-79
207-->[androidx.work:work-runtime:2.7.1] AndroidManifest.xml:117:25-76
208                <action android:name="android.intent.action.TIME_SET" />
208-->[androidx.work:work-runtime:2.7.1] AndroidManifest.xml:118:17-73
208-->[androidx.work:work-runtime:2.7.1] AndroidManifest.xml:118:25-70
209                <action android:name="android.intent.action.TIMEZONE_CHANGED" />
209-->[androidx.work:work-runtime:2.7.1] AndroidManifest.xml:119:17-81
209-->[androidx.work:work-runtime:2.7.1] AndroidManifest.xml:119:25-78
210            </intent-filter>
211        </receiver>
212        <receiver
212-->[androidx.work:work-runtime:2.7.1] AndroidManifest.xml:122:9-131:20
213            android:name="androidx.work.impl.background.systemalarm.ConstraintProxyUpdateReceiver"
213-->[androidx.work:work-runtime:2.7.1] AndroidManifest.xml:123:13-99
214            android:directBootAware="false"
214-->[androidx.work:work-runtime:2.7.1] AndroidManifest.xml:124:13-44
215            android:enabled="@bool/enable_system_alarm_service_default"
215-->[androidx.work:work-runtime:2.7.1] AndroidManifest.xml:125:13-72
216            android:exported="false" >
216-->[androidx.work:work-runtime:2.7.1] AndroidManifest.xml:126:13-37
217            <intent-filter>
217-->[androidx.work:work-runtime:2.7.1] AndroidManifest.xml:128:13-130:29
218                <action android:name="androidx.work.impl.background.systemalarm.UpdateProxies" />
218-->[androidx.work:work-runtime:2.7.1] AndroidManifest.xml:129:17-98
218-->[androidx.work:work-runtime:2.7.1] AndroidManifest.xml:129:25-95
219            </intent-filter>
220        </receiver>
221        <receiver
221-->[androidx.work:work-runtime:2.7.1] AndroidManifest.xml:132:9-142:20
222            android:name="androidx.work.impl.diagnostics.DiagnosticsReceiver"
222-->[androidx.work:work-runtime:2.7.1] AndroidManifest.xml:133:13-78
223            android:directBootAware="false"
223-->[androidx.work:work-runtime:2.7.1] AndroidManifest.xml:134:13-44
224            android:enabled="true"
224-->[androidx.work:work-runtime:2.7.1] AndroidManifest.xml:135:13-35
225            android:exported="true"
225-->[androidx.work:work-runtime:2.7.1] AndroidManifest.xml:136:13-36
226            android:permission="android.permission.DUMP" >
226-->[androidx.work:work-runtime:2.7.1] AndroidManifest.xml:137:13-57
227            <intent-filter>
227-->[androidx.work:work-runtime:2.7.1] AndroidManifest.xml:139:13-141:29
228                <action android:name="androidx.work.diagnostics.REQUEST_DIAGNOSTICS" />
228-->[androidx.work:work-runtime:2.7.1] AndroidManifest.xml:140:17-88
228-->[androidx.work:work-runtime:2.7.1] AndroidManifest.xml:140:25-85
229            </intent-filter>
230        </receiver>
231
232        <activity
232-->[com.google.android.gms:play-services-base:18.0.0] AndroidManifest.xml:20:9-22:45
233            android:name="com.google.android.gms.common.api.GoogleApiActivity"
233-->[com.google.android.gms:play-services-base:18.0.0] AndroidManifest.xml:20:19-85
234            android:exported="false"
234-->[com.google.android.gms:play-services-base:18.0.0] AndroidManifest.xml:22:19-43
235            android:theme="@android:style/Theme.Translucent.NoTitleBar" />
235-->[com.google.android.gms:play-services-base:18.0.0] AndroidManifest.xml:21:19-78
236
237        <service
237-->[androidx.room:room-runtime:2.2.5] AndroidManifest.xml:25:9-28:40
238            android:name="androidx.room.MultiInstanceInvalidationService"
238-->[androidx.room:room-runtime:2.2.5] AndroidManifest.xml:26:13-74
239            android:directBootAware="true"
239-->[androidx.room:room-runtime:2.2.5] AndroidManifest.xml:27:13-43
240            android:exported="false" />
240-->[androidx.room:room-runtime:2.2.5] AndroidManifest.xml:28:13-37
241
242        <uses-library
242-->[androidx.privacysandbox.ads:ads-adservices:1.0.0-beta05] AndroidManifest.xml:23:9-25:40
243            android:name="android.ext.adservices"
243-->[androidx.privacysandbox.ads:ads-adservices:1.0.0-beta05] AndroidManifest.xml:24:13-50
244            android:required="false" />
244-->[androidx.privacysandbox.ads:ads-adservices:1.0.0-beta05] AndroidManifest.xml:25:13-37
245    </application>
246
247</manifest>